Using pre-set license
Built from '2020.3/staging' branch; Version is '2020.3.16f1 (049d6eca3c44) revision 302446'; Using compiler version '192528614'; Build Type 'Release'
OS: 'Windows 10 Pro; OS build 19043.1288; Version 2009; 64bit' Language: 'en' Physical Memory: 16220 MB
BatchMode: 1, IsHumanControllingUs: 0, StartBugReporterOnCrash: 0, Is64bit: 1, IsPro: 0

 COMMAND LINE ARGUMENTS:
C:\Program Files\Unity\Hub\Editor\2020.3.16f1\Editor\Unity.exe
-adb2
-batchMode
-noUpm
-name
AssetImportWorker0
-projectPath
C:/Users/50cal/Desktop/Snake
-logFile
Logs/AssetImportWorker0.log
-srvPort
60314
Successfully changed project path to: C:/Users/50cal/Desktop/Snake
C:/Users/50cal/Desktop/Snake
Using Asset Import Pipeline V2.
Refreshing native plugins compatible for Editor in 55.71 ms, found 3 plugins.
Preloading 0 native plugins for Editor in 0.00 ms.
Initialize engine version: 2020.3.16f1 (049d6eca3c44)
[Subsystems] Discovering subsystems at path C:/Program Files/Unity/Hub/Editor/2020.3.16f1/Editor/Data/Resources/UnitySubsystems
[Subsystems] Discovering subsystems at path C:/Users/50cal/Desktop/Snake/Assets
GfxDevice: creating device client; threaded=0
Direct3D:
    Version:  Direct3D 11.0 [level 11.1]
    Renderer: NVIDIA GeForce RTX 2070 (ID=0x1f07)
    Vendor:   
    VRAM:     8031 MB
    Driver:   30.0.14.9649
Shader 'Universal Render Pipeline/Particles/Lit': fallback shader 'Universal Render Pipeline/Particles/SimpleLit' not found
Initialize mono
Mono path[0] = 'C:/Program Files/Unity/Hub/Editor/2020.3.16f1/Editor/Data/Managed'
Mono path[1] = 'C:/Program Files/Unity/Hub/Editor/2020.3.16f1/Editor/Data/MonoBleedingEdge/lib/mono/unityjit'
Mono config path = 'C:/Program Files/Unity/Hub/Editor/2020.3.16f1/Editor/Data/MonoBleedingEdge/etc'
Using monoOptions --debugger-agent=transport=dt_socket,embedding=1,server=y,suspend=n,address=127.0.0.1:56480
Begin MonoManager ReloadAssembly
Registering precompiled unity dll's ...
Register platform support module: C:/Program Files/Unity/Hub/Editor/2020.3.16f1/Editor/Data/PlaybackEngines/WebGLSupport/UnityEditor.WebGL.Extensions.dll
Register platform support module: C:/Program Files/Unity/Hub/Editor/2020.3.16f1/Editor/Data/PlaybackEngines/WindowsStandaloneSupport/UnityEditor.WindowsStandalone.Extensions.dll
Registered in 0.002968 seconds.
Native extension for WindowsStandalone target not found
Native extension for WebGL target not found
Refreshing native plugins compatible for Editor in 58.40 ms, found 3 plugins.
Preloading 0 native plugins for Editor in 0.00 ms.
Mono: successfully reloaded assembly
- Completed reload, in  1.400 seconds
Domain Reload Profiling:
	ReloadAssembly (1400ms)
		BeginReloadAssembly (68ms)
			ExecutionOrderSort (0ms)
			DisableScriptedObjects (0ms)
			BackupInstance (0ms)
			ReleaseScriptingObjects (0ms)
			CreateAndSetChildDomain (2ms)
		EndReloadAssembly (469ms)
			LoadAssemblies (63ms)
			RebuildTransferFunctionScriptingTraits (0ms)
			SetupTypeCache (171ms)
			ReleaseScriptCaches (0ms)
			RebuildScriptCaches (29ms)
			SetupLoadedEditorAssemblies (194ms)
				LogAssemblyErrors (0ms)
				InitializePlatformSupportModulesInManaged (5ms)
				SetLoadedEditorAssemblies (0ms)
				RefreshPlugins (58ms)
				BeforeProcessingInitializeOnLoad (13ms)
				ProcessInitializeOnLoadAttributes (87ms)
				ProcessInitializeOnLoadMethodAttributes (31ms)
				AfterProcessingInitializeOnLoad (0ms)
				EditorAssembliesLoaded (0ms)
			ExecutionOrderSort2 (0ms)
			AwakeInstancesAfterBackupRestoration (0ms)
Platform modules already initialized, skipping
Registering precompiled user dll's ...
Registered in 0.005141 seconds.
Begin MonoManager ReloadAssembly
Native extension for WindowsStandalone target not found
Native extension for WebGL target not found
Refreshing native plugins compatible for Editor in 60.50 ms, found 3 plugins.
Preloading 0 native plugins for Editor in 0.00 ms.
Mono: successfully reloaded assembly
- Completed reload, in  1.645 seconds
Domain Reload Profiling:
	ReloadAssembly (1646ms)
		BeginReloadAssembly (162ms)
			ExecutionOrderSort (0ms)
			DisableScriptedObjects (5ms)
			BackupInstance (0ms)
			ReleaseScriptingObjects (0ms)
			CreateAndSetChildDomain (23ms)
		EndReloadAssembly (1418ms)
			LoadAssemblies (111ms)
			RebuildTransferFunctionScriptingTraits (0ms)
			SetupTypeCache (393ms)
			ReleaseScriptCaches (1ms)
			RebuildScriptCaches (125ms)
			SetupLoadedEditorAssemblies (458ms)
				LogAssemblyErrors (0ms)
				InitializePlatformSupportModulesInManaged (5ms)
				SetLoadedEditorAssemblies (0ms)
				RefreshPlugins (61ms)
				BeforeProcessingInitializeOnLoad (96ms)
				ProcessInitializeOnLoadAttributes (275ms)
				ProcessInitializeOnLoadMethodAttributes (15ms)
				AfterProcessingInitializeOnLoad (7ms)
				EditorAssembliesLoaded (0ms)
			ExecutionOrderSort2 (0ms)
			AwakeInstancesAfterBackupRestoration (6ms)
Platform modules already initialized, skipping
========================================================================
Worker process is ready to serve import requests
Shader 'Universal Render Pipeline/Particles/Lit': fallback shader 'Universal Render Pipeline/Particles/SimpleLit' not found
Launched and connected shader compiler UnityShaderCompiler.exe after 0.10 seconds
Refreshing native plugins compatible for Editor in 0.97 ms, found 3 plugins.
Preloading 0 native plugins for Editor in 0.00 ms.
Unloading 3249 Unused Serialized files (Serialized files now loaded: 0)
System memory in use before: 146.7 MB.
System memory in use after: 146.9 MB.

Unloading 29 unused Assets to reduce memory usage. Loaded Objects now: 3697.
Total: 6.606800 ms (FindLiveObjects: 0.414200 ms CreateObjectMapping: 0.261600 ms MarkObjects: 5.803100 ms  DeleteObjects: 0.126300 ms)

AssetImportParameters requested are different than current active one (requested -> active):
  custom:framework-win-MediaFoundation: 216162199b28c13a410421893ffa2e32 -> 
  custom:video-decoder-ogg-theora: a1e56fd34408186e4bbccfd4996cb3dc -> 
  custom:container-muxer-webm: aa71ff27fc2769a1b78a27578f13a17b -> 
  custom:container-demuxer-webm: 4f35f7cbe854078d1ac9338744f61a02 -> 
  custom:container-demuxer-ogg: 62fdf1f143b41e24485cea50d1cbac27 -> 
  custom:video-encoder-webm-vp8: eb34c28f22e8b96e1ab97ce403110664 -> 
  custom:video-codec-MediaFoundation-h265: 746d11721c4dcdbdad8f713fa42b33f4 -> 
  custom:video-decoder-webm-vp8: 9c59270c3fd7afecdb556c50c9e8de78 -> 
  custom:audio-decoder-ogg-vorbis: bf7c407c2cedff20999df2af8eb42d56 -> 
  custom:audio-encoder-webm-vorbis: bf7c407c2cedff20999df2af8eb42d56 -> 
========================================================================
Received Import Request.
  path: Assets/Scripts/Score/PlayerScore.cs
  artifactKey: Guid(8e0eec6a2abb90a468980e29ca66aea4) Importer(815301076,1909f56bfc062723c751e8b465ee728b)
Start importing Assets/Scripts/Score/PlayerScore.cs using Guid(8e0eec6a2abb90a468980e29ca66aea4) Importer(815301076,1909f56bfc062723c751e8b465ee728b)  -> (artifact id: '32229c22ce452a71c786ba9a0ff50f7f') in 0.049443 seconds 
  Import took 0.056594 seconds .

========================================================================
Received Import Request.
  Time since last request: 40.348982 seconds.
  path: Assets/Scripts/Score/PlayerScore.cs
  artifactKey: Guid(8e0eec6a2abb90a468980e29ca66aea4) Importer(815301076,1909f56bfc062723c751e8b465ee728b)
Start importing Assets/Scripts/Score/PlayerScore.cs using Guid(8e0eec6a2abb90a468980e29ca66aea4) Importer(815301076,1909f56bfc062723c751e8b465ee728b)  -> (artifact id: '9d0955a0d3abcd8b58c134573e780a46') in 0.006962 seconds 
  Import took 0.016972 seconds .

========================================================================
Received Prepare
Registering precompiled user dll's ...
Registered in 0.004758 seconds.
Begin MonoManager ReloadAssembly
Native extension for WindowsStandalone target not found
Native extension for WebGL target not found
Refreshing native plugins compatible for Editor in 0.68 ms, found 3 plugins.
Preloading 0 native plugins for Editor in 0.00 ms.
Mono: successfully reloaded assembly
- Completed reload, in  1.238 seconds
Domain Reload Profiling:
	ReloadAssembly (1238ms)
		BeginReloadAssembly (137ms)
			ExecutionOrderSort (0ms)
			DisableScriptedObjects (6ms)
			BackupInstance (0ms)
			ReleaseScriptingObjects (0ms)
			CreateAndSetChildDomain (48ms)
		EndReloadAssembly (1038ms)
			LoadAssemblies (92ms)
			RebuildTransferFunctionScriptingTraits (0ms)
			SetupTypeCache (345ms)
			ReleaseScriptCaches (2ms)
			RebuildScriptCaches (54ms)
			SetupLoadedEditorAssemblies (364ms)
				LogAssemblyErrors (0ms)
				InitializePlatformSupportModulesInManaged (5ms)
				SetLoadedEditorAssemblies (0ms)
				RefreshPlugins (1ms)
				BeforeProcessingInitializeOnLoad (110ms)
				ProcessInitializeOnLoadAttributes (236ms)
				ProcessInitializeOnLoadMethodAttributes (5ms)
				AfterProcessingInitializeOnLoad (6ms)
				EditorAssembliesLoaded (0ms)
			ExecutionOrderSort2 (0ms)
			AwakeInstancesAfterBackupRestoration (14ms)
Platform modules already initialized, skipping
Shader 'Universal Render Pipeline/Particles/Lit': fallback shader 'Universal Render Pipeline/Particles/SimpleLit' not found
Refreshing native plugins compatible for Editor in 0.68 ms, found 3 plugins.
Preloading 0 native plugins for Editor in 0.00 ms.
Unloading 3135 Unused Serialized files (Serialized files now loaded: 0)
System memory in use before: 139.2 MB.
System memory in use after: 139.4 MB.

Unloading 17 unused Assets to reduce memory usage. Loaded Objects now: 3700.
Total: 4.311700 ms (FindLiveObjects: 0.333100 ms CreateObjectMapping: 0.260900 ms MarkObjects: 3.677600 ms  DeleteObjects: 0.039300 ms)

AssetImportParameters requested are different than current active one (requested -> active):
  custom:framework-win-MediaFoundation: 216162199b28c13a410421893ffa2e32 -> 
  custom:video-decoder-ogg-theora: a1e56fd34408186e4bbccfd4996cb3dc -> 
  custom:container-muxer-webm: aa71ff27fc2769a1b78a27578f13a17b -> 
  custom:container-demuxer-webm: 4f35f7cbe854078d1ac9338744f61a02 -> 
  custom:container-demuxer-ogg: 62fdf1f143b41e24485cea50d1cbac27 -> 
  custom:video-encoder-webm-vp8: eb34c28f22e8b96e1ab97ce403110664 -> 
  custom:video-codec-MediaFoundation-h265: 746d11721c4dcdbdad8f713fa42b33f4 -> 
  custom:video-decoder-webm-vp8: 9c59270c3fd7afecdb556c50c9e8de78 -> 
  custom:audio-decoder-ogg-vorbis: bf7c407c2cedff20999df2af8eb42d56 -> 
  custom:audio-encoder-webm-vorbis: bf7c407c2cedff20999df2af8eb42d56 -> 
========================================================================
Received Prepare
Registering precompiled user dll's ...
Registered in 0.004769 seconds.
Begin MonoManager ReloadAssembly
Native extension for WindowsStandalone target not found
Native extension for WebGL target not found
Refreshing native plugins compatible for Editor in 0.73 ms, found 3 plugins.
Preloading 0 native plugins for Editor in 0.00 ms.
Mono: successfully reloaded assembly
- Completed reload, in  1.237 seconds
Domain Reload Profiling:
	ReloadAssembly (1237ms)
		BeginReloadAssembly (122ms)
			ExecutionOrderSort (0ms)
			DisableScriptedObjects (6ms)
			BackupInstance (0ms)
			ReleaseScriptingObjects (0ms)
			CreateAndSetChildDomain (40ms)
		EndReloadAssembly (1048ms)
			LoadAssemblies (86ms)
			RebuildTransferFunctionScriptingTraits (0ms)
			SetupTypeCache (399ms)
			ReleaseScriptCaches (2ms)
			RebuildScriptCaches (46ms)
			SetupLoadedEditorAssemblies (393ms)
				LogAssemblyErrors (0ms)
				InitializePlatformSupportModulesInManaged (5ms)
				SetLoadedEditorAssemblies (0ms)
				RefreshPlugins (1ms)
				BeforeProcessingInitializeOnLoad (116ms)
				ProcessInitializeOnLoadAttributes (259ms)
				ProcessInitializeOnLoadMethodAttributes (5ms)
				AfterProcessingInitializeOnLoad (7ms)
				EditorAssembliesLoaded (0ms)
			ExecutionOrderSort2 (0ms)
			AwakeInstancesAfterBackupRestoration (14ms)
Platform modules already initialized, skipping
Shader 'Universal Render Pipeline/Particles/Lit': fallback shader 'Universal Render Pipeline/Particles/SimpleLit' not found
Refreshing native plugins compatible for Editor in 0.70 ms, found 3 plugins.
Preloading 0 native plugins for Editor in 0.00 ms.
Unloading 3135 Unused Serialized files (Serialized files now loaded: 0)
System memory in use before: 139.3 MB.
System memory in use after: 139.5 MB.

Unloading 17 unused Assets to reduce memory usage. Loaded Objects now: 3703.
Total: 3.667100 ms (FindLiveObjects: 0.274000 ms CreateObjectMapping: 0.117700 ms MarkObjects: 3.145400 ms  DeleteObjects: 0.128800 ms)

AssetImportParameters requested are different than current active one (requested -> active):
  custom:framework-win-MediaFoundation: 216162199b28c13a410421893ffa2e32 -> 
  custom:video-decoder-ogg-theora: a1e56fd34408186e4bbccfd4996cb3dc -> 
  custom:container-muxer-webm: aa71ff27fc2769a1b78a27578f13a17b -> 
  custom:container-demuxer-webm: 4f35f7cbe854078d1ac9338744f61a02 -> 
  custom:container-demuxer-ogg: 62fdf1f143b41e24485cea50d1cbac27 -> 
  custom:video-encoder-webm-vp8: eb34c28f22e8b96e1ab97ce403110664 -> 
  custom:video-codec-MediaFoundation-h265: 746d11721c4dcdbdad8f713fa42b33f4 -> 
  custom:video-decoder-webm-vp8: 9c59270c3fd7afecdb556c50c9e8de78 -> 
  custom:audio-decoder-ogg-vorbis: bf7c407c2cedff20999df2af8eb42d56 -> 
  custom:audio-encoder-webm-vorbis: bf7c407c2cedff20999df2af8eb42d56 -> 
========================================================================
Received Prepare
Registering precompiled user dll's ...
Registered in 0.004762 seconds.
Begin MonoManager ReloadAssembly
Native extension for WindowsStandalone target not found
Native extension for WebGL target not found
Refreshing native plugins compatible for Editor in 0.70 ms, found 3 plugins.
Preloading 0 native plugins for Editor in 0.00 ms.
Mono: successfully reloaded assembly
- Completed reload, in  1.217 seconds
Domain Reload Profiling:
	ReloadAssembly (1217ms)
		BeginReloadAssembly (117ms)
			ExecutionOrderSort (0ms)
			DisableScriptedObjects (6ms)
			BackupInstance (0ms)
			ReleaseScriptingObjects (0ms)
			CreateAndSetChildDomain (38ms)
		EndReloadAssembly (1040ms)
			LoadAssemblies (86ms)
			RebuildTransferFunctionScriptingTraits (0ms)
			SetupTypeCache (380ms)
			ReleaseScriptCaches (2ms)
			RebuildScriptCaches (49ms)
			SetupLoadedEditorAssemblies (376ms)
				LogAssemblyErrors (0ms)
				InitializePlatformSupportModulesInManaged (6ms)
				SetLoadedEditorAssemblies (1ms)
				RefreshPlugins (1ms)
				BeforeProcessingInitializeOnLoad (105ms)
				ProcessInitializeOnLoadAttributes (252ms)
				ProcessInitializeOnLoadMethodAttributes (5ms)
				AfterProcessingInitializeOnLoad (7ms)
				EditorAssembliesLoaded (0ms)
			ExecutionOrderSort2 (0ms)
			AwakeInstancesAfterBackupRestoration (14ms)
Platform modules already initialized, skipping
Shader 'Universal Render Pipeline/Particles/Lit': fallback shader 'Universal Render Pipeline/Particles/SimpleLit' not found
Refreshing native plugins compatible for Editor in 0.69 ms, found 3 plugins.
Preloading 0 native plugins for Editor in 0.00 ms.
Unloading 3135 Unused Serialized files (Serialized files now loaded: 0)
System memory in use before: 139.3 MB.
System memory in use after: 139.5 MB.

Unloading 17 unused Assets to reduce memory usage. Loaded Objects now: 3706.
Total: 3.872000 ms (FindLiveObjects: 0.347800 ms CreateObjectMapping: 0.159600 ms MarkObjects: 3.322300 ms  DeleteObjects: 0.041400 ms)

AssetImportParameters requested are different than current active one (requested -> active):
  custom:framework-win-MediaFoundation: 216162199b28c13a410421893ffa2e32 -> 
  custom:video-decoder-ogg-theora: a1e56fd34408186e4bbccfd4996cb3dc -> 
  custom:container-muxer-webm: aa71ff27fc2769a1b78a27578f13a17b -> 
  custom:container-demuxer-webm: 4f35f7cbe854078d1ac9338744f61a02 -> 
  custom:container-demuxer-ogg: 62fdf1f143b41e24485cea50d1cbac27 -> 
  custom:video-encoder-webm-vp8: eb34c28f22e8b96e1ab97ce403110664 -> 
  custom:video-codec-MediaFoundation-h265: 746d11721c4dcdbdad8f713fa42b33f4 -> 
  custom:video-decoder-webm-vp8: 9c59270c3fd7afecdb556c50c9e8de78 -> 
  custom:audio-decoder-ogg-vorbis: bf7c407c2cedff20999df2af8eb42d56 -> 
  custom:audio-encoder-webm-vorbis: bf7c407c2cedff20999df2af8eb42d56 -> 
========================================================================
Received Prepare
Registering precompiled user dll's ...
Registered in 0.004738 seconds.
Begin MonoManager ReloadAssembly
Native extension for WindowsStandalone target not found
Native extension for WebGL target not found
Refreshing native plugins compatible for Editor in 0.73 ms, found 3 plugins.
Preloading 0 native plugins for Editor in 0.00 ms.
Mono: successfully reloaded assembly
- Completed reload, in  1.315 seconds
Domain Reload Profiling:
	ReloadAssembly (1316ms)
		BeginReloadAssembly (108ms)
			ExecutionOrderSort (0ms)
			DisableScriptedObjects (6ms)
			BackupInstance (0ms)
			ReleaseScriptingObjects (0ms)
			CreateAndSetChildDomain (37ms)
		EndReloadAssembly (1136ms)
			LoadAssemblies (92ms)
			RebuildTransferFunctionScriptingTraits (0ms)
			SetupTypeCache (456ms)
			ReleaseScriptCaches (2ms)
			RebuildScriptCaches (47ms)
			SetupLoadedEditorAssemblies (372ms)
				LogAssemblyErrors (0ms)
				InitializePlatformSupportModulesInManaged (6ms)
				SetLoadedEditorAssemblies (0ms)
				RefreshPlugins (1ms)
				BeforeProcessingInitializeOnLoad (109ms)
				ProcessInitializeOnLoadAttributes (244ms)
				ProcessInitializeOnLoadMethodAttributes (5ms)
				AfterProcessingInitializeOnLoad (7ms)
				EditorAssembliesLoaded (0ms)
			ExecutionOrderSort2 (0ms)
			AwakeInstancesAfterBackupRestoration (14ms)
Platform modules already initialized, skipping
Shader 'Universal Render Pipeline/Particles/Lit': fallback shader 'Universal Render Pipeline/Particles/SimpleLit' not found
Refreshing native plugins compatible for Editor in 0.76 ms, found 3 plugins.
Preloading 0 native plugins for Editor in 0.00 ms.
Unloading 3135 Unused Serialized files (Serialized files now loaded: 0)
System memory in use before: 139.3 MB.
System memory in use after: 139.6 MB.

Unloading 17 unused Assets to reduce memory usage. Loaded Objects now: 3709.
Total: 4.586300 ms (FindLiveObjects: 0.405400 ms CreateObjectMapping: 0.438800 ms MarkObjects: 3.710800 ms  DeleteObjects: 0.029900 ms)

AssetImportParameters requested are different than current active one (requested -> active):
  custom:framework-win-MediaFoundation: 216162199b28c13a410421893ffa2e32 -> 
  custom:video-decoder-ogg-theora: a1e56fd34408186e4bbccfd4996cb3dc -> 
  custom:container-muxer-webm: aa71ff27fc2769a1b78a27578f13a17b -> 
  custom:container-demuxer-webm: 4f35f7cbe854078d1ac9338744f61a02 -> 
  custom:container-demuxer-ogg: 62fdf1f143b41e24485cea50d1cbac27 -> 
  custom:video-encoder-webm-vp8: eb34c28f22e8b96e1ab97ce403110664 -> 
  custom:video-codec-MediaFoundation-h265: 746d11721c4dcdbdad8f713fa42b33f4 -> 
  custom:video-decoder-webm-vp8: 9c59270c3fd7afecdb556c50c9e8de78 -> 
  custom:audio-decoder-ogg-vorbis: bf7c407c2cedff20999df2af8eb42d56 -> 
  custom:audio-encoder-webm-vorbis: bf7c407c2cedff20999df2af8eb42d56 -> 
========================================================================
Received Prepare
Registering precompiled user dll's ...
Registered in 0.004700 seconds.
Begin MonoManager ReloadAssembly
Native extension for WindowsStandalone target not found
Native extension for WebGL target not found
Refreshing native plugins compatible for Editor in 0.69 ms, found 3 plugins.
Preloading 0 native plugins for Editor in 0.00 ms.
Mono: successfully reloaded assembly
- Completed reload, in  1.266 seconds
Domain Reload Profiling:
	ReloadAssembly (1266ms)
		BeginReloadAssembly (120ms)
			ExecutionOrderSort (0ms)
			DisableScriptedObjects (6ms)
			BackupInstance (0ms)
			ReleaseScriptingObjects (0ms)
			CreateAndSetChildDomain (39ms)
		EndReloadAssembly (1081ms)
			LoadAssemblies (90ms)
			RebuildTransferFunctionScriptingTraits (0ms)
			SetupTypeCache (338ms)
			ReleaseScriptCaches (3ms)
			RebuildScriptCaches (47ms)
			SetupLoadedEditorAssemblies (434ms)
				LogAssemblyErrors (0ms)
				InitializePlatformSupportModulesInManaged (5ms)
				SetLoadedEditorAssemblies (0ms)
				RefreshPlugins (1ms)
				BeforeProcessingInitializeOnLoad (105ms)
				ProcessInitializeOnLoadAttributes (311ms)
				ProcessInitializeOnLoadMethodAttributes (6ms)
				AfterProcessingInitializeOnLoad (6ms)
				EditorAssembliesLoaded (0ms)
			ExecutionOrderSort2 (0ms)
			AwakeInstancesAfterBackupRestoration (25ms)
Platform modules already initialized, skipping
Shader 'Universal Render Pipeline/Particles/Lit': fallback shader 'Universal Render Pipeline/Particles/SimpleLit' not found
Refreshing native plugins compatible for Editor in 0.78 ms, found 3 plugins.
Preloading 0 native plugins for Editor in 0.00 ms.
Unloading 3135 Unused Serialized files (Serialized files now loaded: 0)
System memory in use before: 139.3 MB.
System memory in use after: 139.6 MB.

Unloading 17 unused Assets to reduce memory usage. Loaded Objects now: 3712.
Total: 4.789900 ms (FindLiveObjects: 0.387600 ms CreateObjectMapping: 0.163900 ms MarkObjects: 4.207300 ms  DeleteObjects: 0.029600 ms)

AssetImportParameters requested are different than current active one (requested -> active):
  custom:framework-win-MediaFoundation: 216162199b28c13a410421893ffa2e32 -> 
  custom:video-decoder-ogg-theora: a1e56fd34408186e4bbccfd4996cb3dc -> 
  custom:container-muxer-webm: aa71ff27fc2769a1b78a27578f13a17b -> 
  custom:container-demuxer-webm: 4f35f7cbe854078d1ac9338744f61a02 -> 
  custom:container-demuxer-ogg: 62fdf1f143b41e24485cea50d1cbac27 -> 
  custom:video-encoder-webm-vp8: eb34c28f22e8b96e1ab97ce403110664 -> 
  custom:video-codec-MediaFoundation-h265: 746d11721c4dcdbdad8f713fa42b33f4 -> 
  custom:video-decoder-webm-vp8: 9c59270c3fd7afecdb556c50c9e8de78 -> 
  custom:audio-decoder-ogg-vorbis: bf7c407c2cedff20999df2af8eb42d56 -> 
  custom:audio-encoder-webm-vorbis: bf7c407c2cedff20999df2af8eb42d56 -> 
========================================================================
Received Prepare
Registering precompiled user dll's ...
Registered in 0.004854 seconds.
Begin MonoManager ReloadAssembly
Native extension for WindowsStandalone target not found
Native extension for WebGL target not found
Refreshing native plugins compatible for Editor in 0.71 ms, found 3 plugins.
Preloading 0 native plugins for Editor in 0.00 ms.
Mono: successfully reloaded assembly
- Completed reload, in  1.193 seconds
Domain Reload Profiling:
	ReloadAssembly (1194ms)
		BeginReloadAssembly (106ms)
			ExecutionOrderSort (0ms)
			DisableScriptedObjects (7ms)
			BackupInstance (0ms)
			ReleaseScriptingObjects (0ms)
			CreateAndSetChildDomain (35ms)
		EndReloadAssembly (1028ms)
			LoadAssemblies (86ms)
			RebuildTransferFunctionScriptingTraits (0ms)
			SetupTypeCache (389ms)
			ReleaseScriptCaches (1ms)
			RebuildScriptCaches (46ms)
			SetupLoadedEditorAssemblies (375ms)
				LogAssemblyErrors (0ms)
				InitializePlatformSupportModulesInManaged (5ms)
				SetLoadedEditorAssemblies (0ms)
				RefreshPlugins (1ms)
				BeforeProcessingInitializeOnLoad (110ms)
				ProcessInitializeOnLoadAttributes (247ms)
				ProcessInitializeOnLoadMethodAttributes (5ms)
				AfterProcessingInitializeOnLoad (7ms)
				EditorAssembliesLoaded (0ms)
			ExecutionOrderSort2 (0ms)
			AwakeInstancesAfterBackupRestoration (15ms)
Platform modules already initialized, skipping
Shader 'Universal Render Pipeline/Particles/Lit': fallback shader 'Universal Render Pipeline/Particles/SimpleLit' not found
Refreshing native plugins compatible for Editor in 0.70 ms, found 3 plugins.
Preloading 0 native plugins for Editor in 0.00 ms.
Unloading 3135 Unused Serialized files (Serialized files now loaded: 0)
System memory in use before: 139.3 MB.
System memory in use after: 139.6 MB.

Unloading 17 unused Assets to reduce memory usage. Loaded Objects now: 3715.
Total: 5.841300 ms (FindLiveObjects: 0.499100 ms CreateObjectMapping: 0.301400 ms MarkObjects: 5.003400 ms  DeleteObjects: 0.035100 ms)

AssetImportParameters requested are different than current active one (requested -> active):
  custom:framework-win-MediaFoundation: 216162199b28c13a410421893ffa2e32 -> 
  custom:video-decoder-ogg-theora: a1e56fd34408186e4bbccfd4996cb3dc -> 
  custom:container-muxer-webm: aa71ff27fc2769a1b78a27578f13a17b -> 
  custom:container-demuxer-webm: 4f35f7cbe854078d1ac9338744f61a02 -> 
  custom:container-demuxer-ogg: 62fdf1f143b41e24485cea50d1cbac27 -> 
  custom:video-encoder-webm-vp8: eb34c28f22e8b96e1ab97ce403110664 -> 
  custom:video-codec-MediaFoundation-h265: 746d11721c4dcdbdad8f713fa42b33f4 -> 
  custom:video-decoder-webm-vp8: 9c59270c3fd7afecdb556c50c9e8de78 -> 
  custom:audio-decoder-ogg-vorbis: bf7c407c2cedff20999df2af8eb42d56 -> 
  custom:audio-encoder-webm-vorbis: bf7c407c2cedff20999df2af8eb42d56 -> 
========================================================================
Received Prepare
Registering precompiled user dll's ...
Registered in 0.005038 seconds.
Begin MonoManager ReloadAssembly
Native extension for WindowsStandalone target not found
Native extension for WebGL target not found
Refreshing native plugins compatible for Editor in 1.07 ms, found 3 plugins.
Preloading 0 native plugins for Editor in 0.00 ms.
Mono: successfully reloaded assembly
- Completed reload, in  1.250 seconds
Domain Reload Profiling:
	ReloadAssembly (1250ms)
		BeginReloadAssembly (120ms)
			ExecutionOrderSort (0ms)
			DisableScriptedObjects (7ms)
			BackupInstance (0ms)
			ReleaseScriptingObjects (0ms)
			CreateAndSetChildDomain (39ms)
		EndReloadAssembly (1057ms)
			LoadAssemblies (98ms)
			RebuildTransferFunctionScriptingTraits (0ms)
			SetupTypeCache (400ms)
			ReleaseScriptCaches (2ms)
			RebuildScriptCaches (43ms)
			SetupLoadedEditorAssemblies (398ms)
				LogAssemblyErrors (0ms)
				InitializePlatformSupportModulesInManaged (7ms)
				SetLoadedEditorAssemblies (1ms)
				RefreshPlugins (1ms)
				BeforeProcessingInitializeOnLoad (105ms)
				ProcessInitializeOnLoadAttributes (273ms)
				ProcessInitializeOnLoadMethodAttributes (5ms)
				AfterProcessingInitializeOnLoad (6ms)
				EditorAssembliesLoaded (0ms)
			ExecutionOrderSort2 (0ms)
			AwakeInstancesAfterBackupRestoration (14ms)
Platform modules already initialized, skipping
Shader 'Universal Render Pipeline/Particles/Lit': fallback shader 'Universal Render Pipeline/Particles/SimpleLit' not found
Refreshing native plugins compatible for Editor in 0.68 ms, found 3 plugins.
Preloading 0 native plugins for Editor in 0.00 ms.
Unloading 3135 Unused Serialized files (Serialized files now loaded: 0)
System memory in use before: 139.4 MB.
System memory in use after: 139.6 MB.

Unloading 17 unused Assets to reduce memory usage. Loaded Objects now: 3718.
Total: 3.532200 ms (FindLiveObjects: 0.271300 ms CreateObjectMapping: 0.115000 ms MarkObjects: 3.117900 ms  DeleteObjects: 0.027200 ms)

AssetImportParameters requested are different than current active one (requested -> active):
  custom:framework-win-MediaFoundation: 216162199b28c13a410421893ffa2e32 -> 
  custom:video-decoder-ogg-theora: a1e56fd34408186e4bbccfd4996cb3dc -> 
  custom:container-muxer-webm: aa71ff27fc2769a1b78a27578f13a17b -> 
  custom:container-demuxer-webm: 4f35f7cbe854078d1ac9338744f61a02 -> 
  custom:container-demuxer-ogg: 62fdf1f143b41e24485cea50d1cbac27 -> 
  custom:video-encoder-webm-vp8: eb34c28f22e8b96e1ab97ce403110664 -> 
  custom:video-codec-MediaFoundation-h265: 746d11721c4dcdbdad8f713fa42b33f4 -> 
  custom:video-decoder-webm-vp8: 9c59270c3fd7afecdb556c50c9e8de78 -> 
  custom:audio-decoder-ogg-vorbis: bf7c407c2cedff20999df2af8eb42d56 -> 
  custom:audio-encoder-webm-vorbis: bf7c407c2cedff20999df2af8eb42d56 -> 
========================================================================
Received Prepare
Registering precompiled user dll's ...
Registered in 0.005544 seconds.
Begin MonoManager ReloadAssembly
Native extension for WindowsStandalone target not found
Native extension for WebGL target not found
Refreshing native plugins compatible for Editor in 1.14 ms, found 3 plugins.
Preloading 0 native plugins for Editor in 0.00 ms.
Mono: successfully reloaded assembly
- Completed reload, in  1.401 seconds
Domain Reload Profiling:
	ReloadAssembly (1402ms)
		BeginReloadAssembly (123ms)
			ExecutionOrderSort (0ms)
			DisableScriptedObjects (6ms)
			BackupInstance (0ms)
			ReleaseScriptingObjects (0ms)
			CreateAndSetChildDomain (42ms)
		EndReloadAssembly (1210ms)
			LoadAssemblies (96ms)
			RebuildTransferFunctionScriptingTraits (0ms)
			SetupTypeCache (330ms)
			ReleaseScriptCaches (1ms)
			RebuildScriptCaches (45ms)
			SetupLoadedEditorAssemblies (562ms)
				LogAssemblyErrors (0ms)
				InitializePlatformSupportModulesInManaged (11ms)
				SetLoadedEditorAssemblies (1ms)
				RefreshPlugins (1ms)
				BeforeProcessingInitializeOnLoad (106ms)
				ProcessInitializeOnLoadAttributes (430ms)
				ProcessInitializeOnLoadMethodAttributes (6ms)
				AfterProcessingInitializeOnLoad (7ms)
				EditorAssembliesLoaded (0ms)
			ExecutionOrderSort2 (0ms)
			AwakeInstancesAfterBackupRestoration (15ms)
Platform modules already initialized, skipping
Shader 'Universal Render Pipeline/Particles/Lit': fallback shader 'Universal Render Pipeline/Particles/SimpleLit' not found
Refreshing native plugins compatible for Editor in 0.70 ms, found 3 plugins.
Preloading 0 native plugins for Editor in 0.00 ms.
Unloading 3135 Unused Serialized files (Serialized files now loaded: 0)
System memory in use before: 139.4 MB.
System memory in use after: 139.6 MB.

Unloading 17 unused Assets to reduce memory usage. Loaded Objects now: 3721.
Total: 3.692100 ms (FindLiveObjects: 0.273000 ms CreateObjectMapping: 0.120600 ms MarkObjects: 3.269400 ms  DeleteObjects: 0.028100 ms)

AssetImportParameters requested are different than current active one (requested -> active):
  custom:framework-win-MediaFoundation: 216162199b28c13a410421893ffa2e32 -> 
  custom:video-decoder-ogg-theora: a1e56fd34408186e4bbccfd4996cb3dc -> 
  custom:container-muxer-webm: aa71ff27fc2769a1b78a27578f13a17b -> 
  custom:container-demuxer-webm: 4f35f7cbe854078d1ac9338744f61a02 -> 
  custom:container-demuxer-ogg: 62fdf1f143b41e24485cea50d1cbac27 -> 
  custom:video-encoder-webm-vp8: eb34c28f22e8b96e1ab97ce403110664 -> 
  custom:video-codec-MediaFoundation-h265: 746d11721c4dcdbdad8f713fa42b33f4 -> 
  custom:video-decoder-webm-vp8: 9c59270c3fd7afecdb556c50c9e8de78 -> 
  custom:audio-decoder-ogg-vorbis: bf7c407c2cedff20999df2af8eb42d56 -> 
  custom:audio-encoder-webm-vorbis: bf7c407c2cedff20999df2af8eb42d56 -> 
========================================================================
Received Prepare
Registering precompiled user dll's ...
Registered in 0.004535 seconds.
Begin MonoManager ReloadAssembly
Native extension for WindowsStandalone target not found
Native extension for WebGL target not found
Refreshing native plugins compatible for Editor in 1.14 ms, found 3 plugins.
Preloading 0 native plugins for Editor in 0.00 ms.
Mono: successfully reloaded assembly
- Completed reload, in  1.569 seconds
Domain Reload Profiling:
	ReloadAssembly (1570ms)
		BeginReloadAssembly (124ms)
			ExecutionOrderSort (0ms)
			DisableScriptedObjects (7ms)
			BackupInstance (0ms)
			ReleaseScriptingObjects (0ms)
			CreateAndSetChildDomain (44ms)
		EndReloadAssembly (1377ms)
			LoadAssemblies (94ms)
			RebuildTransferFunctionScriptingTraits (0ms)
			SetupTypeCache (321ms)
			ReleaseScriptCaches (2ms)
			RebuildScriptCaches (43ms)
			SetupLoadedEditorAssemblies (744ms)
				LogAssemblyErrors (0ms)
				InitializePlatformSupportModulesInManaged (12ms)
				SetLoadedEditorAssemblies (1ms)
				RefreshPlugins (1ms)
				BeforeProcessingInitializeOnLoad (296ms)
				ProcessInitializeOnLoadAttributes (405ms)
				ProcessInitializeOnLoadMethodAttributes (9ms)
				AfterProcessingInitializeOnLoad (20ms)
				EditorAssembliesLoaded (0ms)
			ExecutionOrderSort2 (0ms)
			AwakeInstancesAfterBackupRestoration (20ms)
Platform modules already initialized, skipping
Shader 'Universal Render Pipeline/Particles/Lit': fallback shader 'Universal Render Pipeline/Particles/SimpleLit' not found
Refreshing native plugins compatible for Editor in 0.68 ms, found 3 plugins.
Preloading 0 native plugins for Editor in 0.00 ms.
Unloading 3135 Unused Serialized files (Serialized files now loaded: 0)
System memory in use before: 139.4 MB.
System memory in use after: 139.6 MB.

Unloading 17 unused Assets to reduce memory usage. Loaded Objects now: 3724.
Total: 3.445000 ms (FindLiveObjects: 0.295800 ms CreateObjectMapping: 0.116900 ms MarkObjects: 3.003100 ms  DeleteObjects: 0.028400 ms)

AssetImportParameters requested are different than current active one (requested -> active):
  custom:framework-win-MediaFoundation: 216162199b28c13a410421893ffa2e32 -> 
  custom:video-decoder-ogg-theora: a1e56fd34408186e4bbccfd4996cb3dc -> 
  custom:container-muxer-webm: aa71ff27fc2769a1b78a27578f13a17b -> 
  custom:container-demuxer-webm: 4f35f7cbe854078d1ac9338744f61a02 -> 
  custom:container-demuxer-ogg: 62fdf1f143b41e24485cea50d1cbac27 -> 
  custom:video-encoder-webm-vp8: eb34c28f22e8b96e1ab97ce403110664 -> 
  custom:video-codec-MediaFoundation-h265: 746d11721c4dcdbdad8f713fa42b33f4 -> 
  custom:video-decoder-webm-vp8: 9c59270c3fd7afecdb556c50c9e8de78 -> 
  custom:audio-decoder-ogg-vorbis: bf7c407c2cedff20999df2af8eb42d56 -> 
  custom:audio-encoder-webm-vorbis: bf7c407c2cedff20999df2af8eb42d56 -> 
========================================================================
Received Prepare
Registering precompiled user dll's ...
Registered in 0.004813 seconds.
Begin MonoManager ReloadAssembly
Native extension for WindowsStandalone target not found
Native extension for WebGL target not found
Refreshing native plugins compatible for Editor in 0.68 ms, found 3 plugins.
Preloading 0 native plugins for Editor in 0.00 ms.
Mono: successfully reloaded assembly
- Completed reload, in  1.295 seconds
Domain Reload Profiling:
	ReloadAssembly (1295ms)
		BeginReloadAssembly (112ms)
			ExecutionOrderSort (0ms)
			DisableScriptedObjects (6ms)
			BackupInstance (0ms)
			ReleaseScriptingObjects (0ms)
			CreateAndSetChildDomain (38ms)
		EndReloadAssembly (1113ms)
			LoadAssemblies (88ms)
			RebuildTransferFunctionScriptingTraits (0ms)
			SetupTypeCache (426ms)
			ReleaseScriptCaches (2ms)
			RebuildScriptCaches (46ms)
			SetupLoadedEditorAssemblies (420ms)
				LogAssemblyErrors (0ms)
				InitializePlatformSupportModulesInManaged (5ms)
				SetLoadedEditorAssemblies (0ms)
				RefreshPlugins (1ms)
				BeforeProcessingInitializeOnLoad (120ms)
				ProcessInitializeOnLoadAttributes (279ms)
				ProcessInitializeOnLoadMethodAttributes (5ms)
				AfterProcessingInitializeOnLoad (10ms)
				EditorAssembliesLoaded (0ms)
			ExecutionOrderSort2 (0ms)
			AwakeInstancesAfterBackupRestoration (20ms)
Platform modules already initialized, skipping
Shader 'Universal Render Pipeline/Particles/Lit': fallback shader 'Universal Render Pipeline/Particles/SimpleLit' not found
Refreshing native plugins compatible for Editor in 0.73 ms, found 3 plugins.
Preloading 0 native plugins for Editor in 0.00 ms.
Unloading 3135 Unused Serialized files (Serialized files now loaded: 0)
System memory in use before: 139.4 MB.
System memory in use after: 139.6 MB.

Unloading 17 unused Assets to reduce memory usage. Loaded Objects now: 3727.
Total: 3.413700 ms (FindLiveObjects: 0.275600 ms CreateObjectMapping: 0.116200 ms MarkObjects: 2.983200 ms  DeleteObjects: 0.037800 ms)

AssetImportParameters requested are different than current active one (requested -> active):
  custom:framework-win-MediaFoundation: 216162199b28c13a410421893ffa2e32 -> 
  custom:video-decoder-ogg-theora: a1e56fd34408186e4bbccfd4996cb3dc -> 
  custom:container-muxer-webm: aa71ff27fc2769a1b78a27578f13a17b -> 
  custom:container-demuxer-webm: 4f35f7cbe854078d1ac9338744f61a02 -> 
  custom:container-demuxer-ogg: 62fdf1f143b41e24485cea50d1cbac27 -> 
  custom:video-encoder-webm-vp8: eb34c28f22e8b96e1ab97ce403110664 -> 
  custom:video-codec-MediaFoundation-h265: 746d11721c4dcdbdad8f713fa42b33f4 -> 
  custom:video-decoder-webm-vp8: 9c59270c3fd7afecdb556c50c9e8de78 -> 
  custom:audio-decoder-ogg-vorbis: bf7c407c2cedff20999df2af8eb42d56 -> 
  custom:audio-encoder-webm-vorbis: bf7c407c2cedff20999df2af8eb42d56 -> 
========================================================================
Received Prepare
Registering precompiled user dll's ...
Registered in 0.007562 seconds.
Begin MonoManager ReloadAssembly
Native extension for WindowsStandalone target not found
Native extension for WebGL target not found
Refreshing native plugins compatible for Editor in 0.72 ms, found 3 plugins.
Preloading 0 native plugins for Editor in 0.00 ms.
Mono: successfully reloaded assembly
- Completed reload, in  1.243 seconds
Domain Reload Profiling:
	ReloadAssembly (1244ms)
		BeginReloadAssembly (134ms)
			ExecutionOrderSort (0ms)
			DisableScriptedObjects (9ms)
			BackupInstance (0ms)
			ReleaseScriptingObjects (0ms)
			CreateAndSetChildDomain (43ms)
		EndReloadAssembly (1040ms)
			LoadAssemblies (102ms)
			RebuildTransferFunctionScriptingTraits (0ms)
			SetupTypeCache (328ms)
			ReleaseScriptCaches (2ms)
			RebuildScriptCaches (50ms)
			SetupLoadedEditorAssemblies (432ms)
				LogAssemblyErrors (0ms)
				InitializePlatformSupportModulesInManaged (5ms)
				SetLoadedEditorAssemblies (0ms)
				RefreshPlugins (1ms)
				BeforeProcessingInitializeOnLoad (128ms)
				ProcessInitializeOnLoadAttributes (285ms)
				ProcessInitializeOnLoadMethodAttributes (5ms)
				AfterProcessingInitializeOnLoad (8ms)
				EditorAssembliesLoaded (0ms)
			ExecutionOrderSort2 (0ms)
			AwakeInstancesAfterBackupRestoration (14ms)
Platform modules already initialized, skipping
Shader 'Universal Render Pipeline/Particles/Lit': fallback shader 'Universal Render Pipeline/Particles/SimpleLit' not found
Refreshing native plugins compatible for Editor in 0.67 ms, found 3 plugins.
Preloading 0 native plugins for Editor in 0.00 ms.
Unloading 3135 Unused Serialized files (Serialized files now loaded: 0)
System memory in use before: 139.4 MB.
System memory in use after: 139.6 MB.

Unloading 17 unused Assets to reduce memory usage. Loaded Objects now: 3730.
Total: 3.958900 ms (FindLiveObjects: 0.343300 ms CreateObjectMapping: 0.114900 ms MarkObjects: 3.464800 ms  DeleteObjects: 0.034700 ms)

AssetImportParameters requested are different than current active one (requested -> active):
  custom:framework-win-MediaFoundation: 216162199b28c13a410421893ffa2e32 -> 
  custom:video-decoder-ogg-theora: a1e56fd34408186e4bbccfd4996cb3dc -> 
  custom:container-muxer-webm: aa71ff27fc2769a1b78a27578f13a17b -> 
  custom:container-demuxer-webm: 4f35f7cbe854078d1ac9338744f61a02 -> 
  custom:container-demuxer-ogg: 62fdf1f143b41e24485cea50d1cbac27 -> 
  custom:video-encoder-webm-vp8: eb34c28f22e8b96e1ab97ce403110664 -> 
  custom:video-codec-MediaFoundation-h265: 746d11721c4dcdbdad8f713fa42b33f4 -> 
  custom:video-decoder-webm-vp8: 9c59270c3fd7afecdb556c50c9e8de78 -> 
  custom:audio-decoder-ogg-vorbis: bf7c407c2cedff20999df2af8eb42d56 -> 
  custom:audio-encoder-webm-vorbis: bf7c407c2cedff20999df2af8eb42d56 -> 
========================================================================
Received Import Request.
  Time since last request: 1111.466530 seconds.
  path: Assets/Img/Sun/12Sun Animatino planet.png
  artifactKey: Guid(6eb093969c8a3f9488004facede86dd6) Importer(815301076,1909f56bfc062723c751e8b465ee728b)
Start importing Assets/Img/Sun/12Sun Animatino planet.png using Guid(6eb093969c8a3f9488004facede86dd6) Importer(815301076,1909f56bfc062723c751e8b465ee728b)  -> (artifact id: '2564656fd6cd8f5130da2b88a56df113') in 0.187098 seconds 
  Import took 0.193670 seconds .

========================================================================
Received Import Request.
  Time since last request: 0.000270 seconds.
  path: Assets/Img/Sun/3Sun Animatino planet.png
  artifactKey: Guid(d9008a903f2a3a34a861702d0b366ca6) Importer(815301076,1909f56bfc062723c751e8b465ee728b)
Start importing Assets/Img/Sun/3Sun Animatino planet.png using Guid(d9008a903f2a3a34a861702d0b366ca6) Importer(815301076,1909f56bfc062723c751e8b465ee728b)  -> (artifact id: '7da54a2b73273208b159609f24c3585a') in 0.021486 seconds 
  Import took 0.028020 seconds .

========================================================================
Received Import Request.
  Time since last request: 0.000262 seconds.
  path: Assets/Img/Sun/7Sun Animatino planet.png
  artifactKey: Guid(b01f1be8848b7414a8ee5471d049cef6) Importer(815301076,1909f56bfc062723c751e8b465ee728b)
Start importing Assets/Img/Sun/7Sun Animatino planet.png using Guid(b01f1be8848b7414a8ee5471d049cef6) Importer(815301076,1909f56bfc062723c751e8b465ee728b)  -> (artifact id: '293d76ece356e1fae60ef7a8f41cfc8b') in 0.023718 seconds 
  Import took 0.031558 seconds .

========================================================================
Received Import Request.
  Time since last request: 0.000245 seconds.
  path: Assets/Img/Sun/6Sun Animatino planet.png
  artifactKey: Guid(c4ed152db0179a84390e12794fcd912c) Importer(815301076,1909f56bfc062723c751e8b465ee728b)
Start importing Assets/Img/Sun/6Sun Animatino planet.png using Guid(c4ed152db0179a84390e12794fcd912c) Importer(815301076,1909f56bfc062723c751e8b465ee728b)  -> (artifact id: '446998336a4313cb35ea7686e260658d') in 0.026934 seconds 
  Import took 0.034591 seconds .

========================================================================
Received Import Request.
  Time since last request: 0.000221 seconds.
  path: Assets/Img/Sun/13Sun Animatino planet.png
  artifactKey: Guid(897b772a3d9234345a1561e191160c33) Importer(815301076,1909f56bfc062723c751e8b465ee728b)
Start importing Assets/Img/Sun/13Sun Animatino planet.png using Guid(897b772a3d9234345a1561e191160c33) Importer(815301076,1909f56bfc062723c751e8b465ee728b)  -> (artifact id: '6bc119c20d4cfaed44c0166825b8749b') in 0.020780 seconds 
  Import took 0.027751 seconds .

========================================================================
Received Import Request.
  Time since last request: 0.000217 seconds.
  path: Assets/Img/Sun/1Sun Animatino planet.png
  artifactKey: Guid(a70bb09cf83bf3041812b8c84f80640b) Importer(815301076,1909f56bfc062723c751e8b465ee728b)
Start importing Assets/Img/Sun/1Sun Animatino planet.png using Guid(a70bb09cf83bf3041812b8c84f80640b) Importer(815301076,1909f56bfc062723c751e8b465ee728b)  -> (artifact id: '7ce65dfd9c94950034a83e5a07cd61b7') in 0.019411 seconds 
  Import took 0.025081 seconds .

========================================================================
Received Import Request.
  Time since last request: 0.000245 seconds.
  path: Assets/Img/Sun/9Sun Animatino planet.png
  artifactKey: Guid(11d85f9f2ad6c1d4ebd81f3d52508126) Importer(815301076,1909f56bfc062723c751e8b465ee728b)
Start importing Assets/Img/Sun/9Sun Animatino planet.png using Guid(11d85f9f2ad6c1d4ebd81f3d52508126) Importer(815301076,1909f56bfc062723c751e8b465ee728b)  -> (artifact id: 'ed1545ee25863d724e867c286a3b046c') in 0.020979 seconds 
  Import took 0.028211 seconds .

========================================================================
Received Import Request.
  Time since last request: 0.000214 seconds.
  path: Assets/Img/Sun/14Sun Animatino planet.png
  artifactKey: Guid(70da10ab12a485041ac3a16c74ced072) Importer(815301076,1909f56bfc062723c751e8b465ee728b)
Start importing Assets/Img/Sun/14Sun Animatino planet.png using Guid(70da10ab12a485041ac3a16c74ced072) Importer(815301076,1909f56bfc062723c751e8b465ee728b)  -> (artifact id: '9777662e9ac241e9892e32d6ca52383a') in 0.023199 seconds 
  Import took 0.030871 seconds .

========================================================================
Received Import Request.
  Time since last request: 0.000255 seconds.
  path: Assets/Img/Sun/10Sun Animatino planet.png
  artifactKey: Guid(507b27f1fc7323641acea5e4ec096e91) Importer(815301076,1909f56bfc062723c751e8b465ee728b)
Start importing Assets/Img/Sun/10Sun Animatino planet.png using Guid(507b27f1fc7323641acea5e4ec096e91) Importer(815301076,1909f56bfc062723c751e8b465ee728b)  -> (artifact id: '0b57918918b2ce8f9b40c7f8478904ae') in 0.017444 seconds 
  Import took 0.024649 seconds .

========================================================================
Received Import Request.
  Time since last request: 0.000229 seconds.
  path: Assets/Img/Sun/11Sun Animatino planet.png
  artifactKey: Guid(9096d68182fed8d42af3eb405f85b56d) Importer(815301076,1909f56bfc062723c751e8b465ee728b)
Start importing Assets/Img/Sun/11Sun Animatino planet.png using Guid(9096d68182fed8d42af3eb405f85b56d) Importer(815301076,1909f56bfc062723c751e8b465ee728b)  -> (artifact id: '2bd85f44a834e3af34e06815ac19150d') in 0.016144 seconds 
  Import took 0.022185 seconds .

========================================================================
Received Import Request.
  Time since last request: 0.000219 seconds.
  path: Assets/Img/Sun/5Sun Animatino planet.png
  artifactKey: Guid(b3bdbe9807882134384c5b919fbffa76) Importer(815301076,1909f56bfc062723c751e8b465ee728b)
Start importing Assets/Img/Sun/5Sun Animatino planet.png using Guid(b3bdbe9807882134384c5b919fbffa76) Importer(815301076,1909f56bfc062723c751e8b465ee728b)  -> (artifact id: 'b6ebfb1980ff85ef8b6b257cad2af792') in 0.018370 seconds 
  Import took 0.024453 seconds .

========================================================================
Received Import Request.
  Time since last request: 0.000644 seconds.
  path: Assets/Img/Sun/4Sun Animatino planet.png
  artifactKey: Guid(31a5e547a437fa441b9946a0d7148bcc) Importer(815301076,1909f56bfc062723c751e8b465ee728b)
Start importing Assets/Img/Sun/4Sun Animatino planet.png using Guid(31a5e547a437fa441b9946a0d7148bcc) Importer(815301076,1909f56bfc062723c751e8b465ee728b)  -> (artifact id: '469fbd875121080905145b4a2d9dcfdb') in 0.021970 seconds 
  Import took 0.028740 seconds .

========================================================================
Received Import Request.
  Time since last request: 0.000235 seconds.
  path: Assets/Img/Sun/8Sun Animatino planet.png
  artifactKey: Guid(612808f9f81d14b4596b6e118dd0795b) Importer(815301076,1909f56bfc062723c751e8b465ee728b)
Start importing Assets/Img/Sun/8Sun Animatino planet.png using Guid(612808f9f81d14b4596b6e118dd0795b) Importer(815301076,1909f56bfc062723c751e8b465ee728b)  -> (artifact id: '5ac7f51714a5e8e9986358973d85913c') in 0.019512 seconds 
  Import took 0.025838 seconds .

========================================================================
Received Import Request.
  Time since last request: 0.000270 seconds.
  path: Assets/Img/Sun/2Sun Animatino planet.png
  artifactKey: Guid(5592ff45270ccf744a6b550e8a6629b2) Importer(815301076,1909f56bfc062723c751e8b465ee728b)
Start importing Assets/Img/Sun/2Sun Animatino planet.png using Guid(5592ff45270ccf744a6b550e8a6629b2) Importer(815301076,1909f56bfc062723c751e8b465ee728b)  -> (artifact id: '70a0599c075dc89015e8965b5047cb52') in 0.022013 seconds 
  Import took 0.028396 seconds .

========================================================================
Received Import Request.
  Time since last request: 0.003356 seconds.
  path: Assets/Img/Sun/8Sun Animatino planet.png
  artifactKey: Guid(612808f9f81d14b4596b6e118dd0795b) Importer(815301076,1909f56bfc062723c751e8b465ee728b)
Start importing Assets/Img/Sun/8Sun Animatino planet.png using Guid(612808f9f81d14b4596b6e118dd0795b) Importer(815301076,1909f56bfc062723c751e8b465ee728b)  -> (artifact id: '5ac7f51714a5e8e9986358973d85913c') in 0.018903 seconds 
  Import took 0.027633 seconds .

========================================================================
Received Import Request.
  Time since last request: 5.506575 seconds.
  path: Assets/Img/Sun/1Sun Animatino planet.png
  artifactKey: Guid(a70bb09cf83bf3041812b8c84f80640b) Importer(815301076,1909f56bfc062723c751e8b465ee728b)
Start importing Assets/Img/Sun/1Sun Animatino planet.png using Guid(a70bb09cf83bf3041812b8c84f80640b) Importer(815301076,1909f56bfc062723c751e8b465ee728b)  -> (artifact id: '7250448461febbe53082c188b06a9755') in 0.018890 seconds 
  Import took 0.025213 seconds .

========================================================================
Received Import Request.
  Time since last request: 0.000231 seconds.
  path: Assets/Img/Sun/12Sun Animatino planet.png
  artifactKey: Guid(6eb093969c8a3f9488004facede86dd6) Importer(815301076,1909f56bfc062723c751e8b465ee728b)
Start importing Assets/Img/Sun/12Sun Animatino planet.png using Guid(6eb093969c8a3f9488004facede86dd6) Importer(815301076,1909f56bfc062723c751e8b465ee728b)  -> (artifact id: 'ebdf8f2fb7be94550572de2dc85041b4') in 0.021426 seconds 
  Import took 0.029017 seconds .

========================================================================
Received Import Request.
  Time since last request: 0.000237 seconds.
  path: Assets/Img/Sun/3Sun Animatino planet.png
  artifactKey: Guid(d9008a903f2a3a34a861702d0b366ca6) Importer(815301076,1909f56bfc062723c751e8b465ee728b)
Start importing Assets/Img/Sun/3Sun Animatino planet.png using Guid(d9008a903f2a3a34a861702d0b366ca6) Importer(815301076,1909f56bfc062723c751e8b465ee728b)  -> (artifact id: '3d90987e8f355955b6e76fcac72215e4') in 0.021517 seconds 
  Import took 0.027457 seconds .

========================================================================
Received Import Request.
  Time since last request: 0.000215 seconds.
  path: Assets/Img/Sun/7Sun Animatino planet.png
  artifactKey: Guid(b01f1be8848b7414a8ee5471d049cef6) Importer(815301076,1909f56bfc062723c751e8b465ee728b)
Start importing Assets/Img/Sun/7Sun Animatino planet.png using Guid(b01f1be8848b7414a8ee5471d049cef6) Importer(815301076,1909f56bfc062723c751e8b465ee728b)  -> (artifact id: '9af588da05f20b85b66895860ea2a59b') in 0.022424 seconds 
  Import took 0.028371 seconds .

========================================================================
Received Import Request.
  Time since last request: 0.000236 seconds.
  path: Assets/Img/Sun/6Sun Animatino planet.png
  artifactKey: Guid(c4ed152db0179a84390e12794fcd912c) Importer(815301076,1909f56bfc062723c751e8b465ee728b)
Start importing Assets/Img/Sun/6Sun Animatino planet.png using Guid(c4ed152db0179a84390e12794fcd912c) Importer(815301076,1909f56bfc062723c751e8b465ee728b)  -> (artifact id: 'fc2825b731e77f8c9ebab9b0db38ec99') in 0.020658 seconds 
  Import took 0.027334 seconds .

========================================================================
Received Import Request.
  Time since last request: 0.000224 seconds.
  path: Assets/Img/Sun/13Sun Animatino planet.png
  artifactKey: Guid(897b772a3d9234345a1561e191160c33) Importer(815301076,1909f56bfc062723c751e8b465ee728b)
Start importing Assets/Img/Sun/13Sun Animatino planet.png using Guid(897b772a3d9234345a1561e191160c33) Importer(815301076,1909f56bfc062723c751e8b465ee728b)  -> (artifact id: '3904d372e4fe9ed5d0fa4018239a1c16') in 0.019440 seconds 
  Import took 0.054327 seconds .

========================================================================
Received Import Request.
  Time since last request: 0.000246 seconds.
  path: Assets/Img/Sun/14Sun Animatino planet.png
  artifactKey: Guid(70da10ab12a485041ac3a16c74ced072) Importer(815301076,1909f56bfc062723c751e8b465ee728b)
Start importing Assets/Img/Sun/14Sun Animatino planet.png using Guid(70da10ab12a485041ac3a16c74ced072) Importer(815301076,1909f56bfc062723c751e8b465ee728b)  -> (artifact id: '0b7052285d028eb8701b091b374cbddd') in 0.016068 seconds 
  Import took 0.022317 seconds .

========================================================================
Received Import Request.
  Time since last request: 0.000287 seconds.
  path: Assets/Img/Sun/9Sun Animatino planet.png
  artifactKey: Guid(11d85f9f2ad6c1d4ebd81f3d52508126) Importer(815301076,1909f56bfc062723c751e8b465ee728b)
Start importing Assets/Img/Sun/9Sun Animatino planet.png using Guid(11d85f9f2ad6c1d4ebd81f3d52508126) Importer(815301076,1909f56bfc062723c751e8b465ee728b)  -> (artifact id: '927c37f9508da05b9895ebb965ea506c') in 0.018836 seconds 
  Import took 0.024683 seconds .

========================================================================
Received Import Request.
  Time since last request: 0.000240 seconds.
  path: Assets/Img/Sun/1Sun Animatino planet.png
  artifactKey: Guid(a70bb09cf83bf3041812b8c84f80640b) Importer(815301076,1909f56bfc062723c751e8b465ee728b)
Start importing Assets/Img/Sun/1Sun Animatino planet.png using Guid(a70bb09cf83bf3041812b8c84f80640b) Importer(815301076,1909f56bfc062723c751e8b465ee728b)  -> (artifact id: '7250448461febbe53082c188b06a9755') in 0.015076 seconds 
  Import took 0.022616 seconds .

========================================================================
Received Import Request.
  Time since last request: 0.000263 seconds.
  path: Assets/Img/Sun/10Sun Animatino planet.png
  artifactKey: Guid(507b27f1fc7323641acea5e4ec096e91) Importer(815301076,1909f56bfc062723c751e8b465ee728b)
Start importing Assets/Img/Sun/10Sun Animatino planet.png using Guid(507b27f1fc7323641acea5e4ec096e91) Importer(815301076,1909f56bfc062723c751e8b465ee728b)  -> (artifact id: 'f1d4826becd7e98815f687869a56724c') in 0.020651 seconds 
  Import took 0.026772 seconds .

========================================================================
Received Import Request.
  Time since last request: 0.000651 seconds.
  path: Assets/Img/Sun/11Sun Animatino planet.png
  artifactKey: Guid(9096d68182fed8d42af3eb405f85b56d) Importer(815301076,1909f56bfc062723c751e8b465ee728b)
Start importing Assets/Img/Sun/11Sun Animatino planet.png using Guid(9096d68182fed8d42af3eb405f85b56d) Importer(815301076,1909f56bfc062723c751e8b465ee728b)  -> (artifact id: '3cbea8263c473f87762885e4723ff685') in 0.020615 seconds 
  Import took 0.028243 seconds .

========================================================================
Received Import Request.
  Time since last request: 0.000283 seconds.
  path: Assets/Img/Sun/5Sun Animatino planet.png
  artifactKey: Guid(b3bdbe9807882134384c5b919fbffa76) Importer(815301076,1909f56bfc062723c751e8b465ee728b)
Start importing Assets/Img/Sun/5Sun Animatino planet.png using Guid(b3bdbe9807882134384c5b919fbffa76) Importer(815301076,1909f56bfc062723c751e8b465ee728b)  -> (artifact id: '98473aa8ff4650089082a72754156017') in 0.020381 seconds 
  Import took 0.026718 seconds .

========================================================================
Received Import Request.
  Time since last request: 0.000348 seconds.
  path: Assets/Img/Sun/4Sun Animatino planet.png
  artifactKey: Guid(31a5e547a437fa441b9946a0d7148bcc) Importer(815301076,1909f56bfc062723c751e8b465ee728b)
Start importing Assets/Img/Sun/4Sun Animatino planet.png using Guid(31a5e547a437fa441b9946a0d7148bcc) Importer(815301076,1909f56bfc062723c751e8b465ee728b)  -> (artifact id: '129a6344e372f52fcf77f7b5cc81fd52') in 0.022571 seconds 
  Import took 0.029719 seconds .

========================================================================
Received Import Request.
  Time since last request: 0.000232 seconds.
  path: Assets/Img/Sun/8Sun Animatino planet.png
  artifactKey: Guid(612808f9f81d14b4596b6e118dd0795b) Importer(815301076,1909f56bfc062723c751e8b465ee728b)
Start importing Assets/Img/Sun/8Sun Animatino planet.png using Guid(612808f9f81d14b4596b6e118dd0795b) Importer(815301076,1909f56bfc062723c751e8b465ee728b)  -> (artifact id: '4bbe50605e3d661527040d3d967c6108') in 0.020790 seconds 
  Import took 0.026816 seconds .

========================================================================
Received Import Request.
  Time since last request: 0.000221 seconds.
  path: Assets/Img/Sun/2Sun Animatino planet.png
  artifactKey: Guid(5592ff45270ccf744a6b550e8a6629b2) Importer(815301076,1909f56bfc062723c751e8b465ee728b)
Start importing Assets/Img/Sun/2Sun Animatino planet.png using Guid(5592ff45270ccf744a6b550e8a6629b2) Importer(815301076,1909f56bfc062723c751e8b465ee728b)  -> (artifact id: '84c50977ec5237dde7f510096bf8ebe0') in 0.020902 seconds 
  Import took 0.026248 seconds .

========================================================================
Received Import Request.
  Time since last request: 0.005409 seconds.
  path: Assets/Img/Sun/8Sun Animatino planet.png
  artifactKey: Guid(612808f9f81d14b4596b6e118dd0795b) Importer(815301076,1909f56bfc062723c751e8b465ee728b)
Start importing Assets/Img/Sun/8Sun Animatino planet.png using Guid(612808f9f81d14b4596b6e118dd0795b) Importer(815301076,1909f56bfc062723c751e8b465ee728b)  -> (artifact id: '4bbe50605e3d661527040d3d967c6108') in 0.021075 seconds 
  Import took 0.028508 seconds .

========================================================================
Received Import Request.
  Time since last request: 32.571201 seconds.
  path: Assets/Img/Sun/1Sun Animatino planet.png
  artifactKey: Guid(a70bb09cf83bf3041812b8c84f80640b) Importer(815301076,1909f56bfc062723c751e8b465ee728b)
Start importing Assets/Img/Sun/1Sun Animatino planet.png using Guid(a70bb09cf83bf3041812b8c84f80640b) Importer(815301076,1909f56bfc062723c751e8b465ee728b)  -> (artifact id: 'aec0b84415493af7bfdd68d7a4546bad') in 0.018232 seconds 
  Import took 0.023915 seconds .

========================================================================
Received Import Request.
  Time since last request: 0.000228 seconds.
  path: Assets/Img/Sun/12Sun Animatino planet.png
  artifactKey: Guid(6eb093969c8a3f9488004facede86dd6) Importer(815301076,1909f56bfc062723c751e8b465ee728b)
Start importing Assets/Img/Sun/12Sun Animatino planet.png using Guid(6eb093969c8a3f9488004facede86dd6) Importer(815301076,1909f56bfc062723c751e8b465ee728b)  -> (artifact id: '2170dcb9b25e727ae7c1943ceed2f0ec') in 0.024587 seconds 
  Import took 0.030070 seconds .

========================================================================
Received Import Request.
  Time since last request: 0.000217 seconds.
  path: Assets/Img/Sun/3Sun Animatino planet.png
  artifactKey: Guid(d9008a903f2a3a34a861702d0b366ca6) Importer(815301076,1909f56bfc062723c751e8b465ee728b)
Start importing Assets/Img/Sun/3Sun Animatino planet.png using Guid(d9008a903f2a3a34a861702d0b366ca6) Importer(815301076,1909f56bfc062723c751e8b465ee728b)  -> (artifact id: 'aa89c3efc2f63a5a1ef6d03c64afbb16') in 0.019130 seconds 
  Import took 0.024606 seconds .

========================================================================
Received Import Request.
  Time since last request: 0.000207 seconds.
  path: Assets/Img/Sun/7Sun Animatino planet.png
  artifactKey: Guid(b01f1be8848b7414a8ee5471d049cef6) Importer(815301076,1909f56bfc062723c751e8b465ee728b)
Start importing Assets/Img/Sun/7Sun Animatino planet.png using Guid(b01f1be8848b7414a8ee5471d049cef6) Importer(815301076,1909f56bfc062723c751e8b465ee728b)  -> (artifact id: '4f5e37a08b5172be26ba8724f7264446') in 0.024859 seconds 
  Import took 0.030589 seconds .

========================================================================
Received Import Request.
  Time since last request: 0.000220 seconds.
  path: Assets/Img/Sun/6Sun Animatino planet.png
  artifactKey: Guid(c4ed152db0179a84390e12794fcd912c) Importer(815301076,1909f56bfc062723c751e8b465ee728b)
Start importing Assets/Img/Sun/6Sun Animatino planet.png using Guid(c4ed152db0179a84390e12794fcd912c) Importer(815301076,1909f56bfc062723c751e8b465ee728b)  -> (artifact id: '89475c68ce3515a1dbcff650695ace57') in 0.019649 seconds 
  Import took 0.025223 seconds .

========================================================================
Received Import Request.
  Time since last request: 0.000298 seconds.
  path: Assets/Img/Sun/13Sun Animatino planet.png
  artifactKey: Guid(897b772a3d9234345a1561e191160c33) Importer(815301076,1909f56bfc062723c751e8b465ee728b)
Start importing Assets/Img/Sun/13Sun Animatino planet.png using Guid(897b772a3d9234345a1561e191160c33) Importer(815301076,1909f56bfc062723c751e8b465ee728b)  -> (artifact id: 'b5d59eadaebdbdfbc372877796053b2c') in 0.021327 seconds 
  Import took 0.027896 seconds .

========================================================================
Received Import Request.
  Time since last request: 0.000270 seconds.
  path: Assets/Img/Sun/14Sun Animatino planet.png
  artifactKey: Guid(70da10ab12a485041ac3a16c74ced072) Importer(815301076,1909f56bfc062723c751e8b465ee728b)
Start importing Assets/Img/Sun/14Sun Animatino planet.png using Guid(70da10ab12a485041ac3a16c74ced072) Importer(815301076,1909f56bfc062723c751e8b465ee728b)  -> (artifact id: 'a725cefc7c108459ee223fc2d43401d1') in 0.020557 seconds 
  Import took 0.026945 seconds .

========================================================================
Received Import Request.
  Time since last request: 0.000261 seconds.
  path: Assets/Img/Sun/9Sun Animatino planet.png
  artifactKey: Guid(11d85f9f2ad6c1d4ebd81f3d52508126) Importer(815301076,1909f56bfc062723c751e8b465ee728b)
Start importing Assets/Img/Sun/9Sun Animatino planet.png using Guid(11d85f9f2ad6c1d4ebd81f3d52508126) Importer(815301076,1909f56bfc062723c751e8b465ee728b)  -> (artifact id: 'a07ca3858391f848b25ec6252d2a2f12') in 0.016459 seconds 
  Import took 0.021950 seconds .

========================================================================
Received Import Request.
  Time since last request: 0.000266 seconds.
  path: Assets/Img/Sun/10Sun Animatino planet.png
  artifactKey: Guid(507b27f1fc7323641acea5e4ec096e91) Importer(815301076,1909f56bfc062723c751e8b465ee728b)
Start importing Assets/Img/Sun/10Sun Animatino planet.png using Guid(507b27f1fc7323641acea5e4ec096e91) Importer(815301076,1909f56bfc062723c751e8b465ee728b)  -> (artifact id: '3fd3fdbb18c155bdfdcee077f553f321') in 0.020494 seconds 
  Import took 0.026026 seconds .

========================================================================
Received Import Request.
  Time since last request: 0.000203 seconds.
  path: Assets/Img/Sun/11Sun Animatino planet.png
  artifactKey: Guid(9096d68182fed8d42af3eb405f85b56d) Importer(815301076,1909f56bfc062723c751e8b465ee728b)
Start importing Assets/Img/Sun/11Sun Animatino planet.png using Guid(9096d68182fed8d42af3eb405f85b56d) Importer(815301076,1909f56bfc062723c751e8b465ee728b)  -> (artifact id: '544d6b7cae250093e7275d5c6edfc736') in 0.015870 seconds 
  Import took 0.021583 seconds .

========================================================================
Received Import Request.
  Time since last request: 0.000248 seconds.
  path: Assets/Img/Sun/5Sun Animatino planet.png
  artifactKey: Guid(b3bdbe9807882134384c5b919fbffa76) Importer(815301076,1909f56bfc062723c751e8b465ee728b)
Start importing Assets/Img/Sun/5Sun Animatino planet.png using Guid(b3bdbe9807882134384c5b919fbffa76) Importer(815301076,1909f56bfc062723c751e8b465ee728b)  -> (artifact id: 'a34f9375037eb68e89985dda34bed888') in 0.019939 seconds 
  Import took 0.025919 seconds .

========================================================================
Received Import Request.
  Time since last request: 0.000241 seconds.
  path: Assets/Img/Sun/4Sun Animatino planet.png
  artifactKey: Guid(31a5e547a437fa441b9946a0d7148bcc) Importer(815301076,1909f56bfc062723c751e8b465ee728b)
Start importing Assets/Img/Sun/4Sun Animatino planet.png using Guid(31a5e547a437fa441b9946a0d7148bcc) Importer(815301076,1909f56bfc062723c751e8b465ee728b)  -> (artifact id: 'dcf6c02da5213516e6069b9ec016b5f0') in 0.017385 seconds 
  Import took 0.022766 seconds .

========================================================================
Received Import Request.
  Time since last request: 0.000294 seconds.
  path: Assets/Img/Sun/8Sun Animatino planet.png
  artifactKey: Guid(612808f9f81d14b4596b6e118dd0795b) Importer(815301076,1909f56bfc062723c751e8b465ee728b)
Start importing Assets/Img/Sun/8Sun Animatino planet.png using Guid(612808f9f81d14b4596b6e118dd0795b) Importer(815301076,1909f56bfc062723c751e8b465ee728b)  -> (artifact id: '594fe055ae4ef208ea78634431439d97') in 0.020456 seconds 
  Import took 0.026038 seconds .

========================================================================
Received Import Request.
  Time since last request: 0.000207 seconds.
  path: Assets/Img/Sun/2Sun Animatino planet.png
  artifactKey: Guid(5592ff45270ccf744a6b550e8a6629b2) Importer(815301076,1909f56bfc062723c751e8b465ee728b)
Start importing Assets/Img/Sun/2Sun Animatino planet.png using Guid(5592ff45270ccf744a6b550e8a6629b2) Importer(815301076,1909f56bfc062723c751e8b465ee728b)  -> (artifact id: 'ccc5f1fd09aa3ad20c00fb976c8e7e2a') in 0.015861 seconds 
  Import took 0.021815 seconds .

========================================================================
Received Prepare
Registering precompiled user dll's ...
Registered in 0.004830 seconds.
Begin MonoManager ReloadAssembly
Native extension for WindowsStandalone target not found
Native extension for WebGL target not found
Refreshing native plugins compatible for Editor in 1.11 ms, found 3 plugins.
Preloading 0 native plugins for Editor in 0.00 ms.
Mono: successfully reloaded assembly
- Completed reload, in  1.350 seconds
Domain Reload Profiling:
	ReloadAssembly (1351ms)
		BeginReloadAssembly (124ms)
			ExecutionOrderSort (0ms)
			DisableScriptedObjects (6ms)
			BackupInstance (0ms)
			ReleaseScriptingObjects (0ms)
			CreateAndSetChildDomain (44ms)
		EndReloadAssembly (1166ms)
			LoadAssemblies (107ms)
			RebuildTransferFunctionScriptingTraits (0ms)
			SetupTypeCache (494ms)
			ReleaseScriptCaches (2ms)
			RebuildScriptCaches (45ms)
			SetupLoadedEditorAssemblies (379ms)
				LogAssemblyErrors (0ms)
				InitializePlatformSupportModulesInManaged (7ms)
				SetLoadedEditorAssemblies (1ms)
				RefreshPlugins (1ms)
				BeforeProcessingInitializeOnLoad (100ms)
				ProcessInitializeOnLoadAttributes (258ms)
				ProcessInitializeOnLoadMethodAttributes (5ms)
				AfterProcessingInitializeOnLoad (7ms)
				EditorAssembliesLoaded (0ms)
			ExecutionOrderSort2 (0ms)
			AwakeInstancesAfterBackupRestoration (15ms)
Platform modules already initialized, skipping
Shader 'Universal Render Pipeline/Particles/Lit': fallback shader 'Universal Render Pipeline/Particles/SimpleLit' not found
Refreshing native plugins compatible for Editor in 0.80 ms, found 3 plugins.
Preloading 0 native plugins for Editor in 0.00 ms.
Unloading 3135 Unused Serialized files (Serialized files now loaded: 0)
System memory in use before: 142.4 MB.
System memory in use after: 142.6 MB.

Unloading 17 unused Assets to reduce memory usage. Loaded Objects now: 3739.
Total: 3.952000 ms (FindLiveObjects: 0.375700 ms CreateObjectMapping: 0.126000 ms MarkObjects: 3.414800 ms  DeleteObjects: 0.034000 ms)

AssetImportParameters requested are different than current active one (requested -> active):
  custom:framework-win-MediaFoundation: 216162199b28c13a410421893ffa2e32 -> 
  custom:video-decoder-ogg-theora: a1e56fd34408186e4bbccfd4996cb3dc -> 
  custom:container-muxer-webm: aa71ff27fc2769a1b78a27578f13a17b -> 
  custom:container-demuxer-webm: 4f35f7cbe854078d1ac9338744f61a02 -> 
  custom:container-demuxer-ogg: 62fdf1f143b41e24485cea50d1cbac27 -> 
  custom:video-encoder-webm-vp8: eb34c28f22e8b96e1ab97ce403110664 -> 
  custom:video-codec-MediaFoundation-h265: 746d11721c4dcdbdad8f713fa42b33f4 -> 
  custom:video-decoder-webm-vp8: 9c59270c3fd7afecdb556c50c9e8de78 -> 
  custom:audio-decoder-ogg-vorbis: bf7c407c2cedff20999df2af8eb42d56 -> 
  custom:audio-encoder-webm-vorbis: bf7c407c2cedff20999df2af8eb42d56 -> 
========================================================================
Received Prepare
Registering precompiled user dll's ...
Registered in 0.004541 seconds.
Begin MonoManager ReloadAssembly
Native extension for WindowsStandalone target not found
Native extension for WebGL target not found
Refreshing native plugins compatible for Editor in 0.69 ms, found 3 plugins.
Preloading 0 native plugins for Editor in 0.00 ms.
Mono: successfully reloaded assembly
- Completed reload, in  1.371 seconds
Domain Reload Profiling:
	ReloadAssembly (1372ms)
		BeginReloadAssembly (124ms)
			ExecutionOrderSort (0ms)
			DisableScriptedObjects (8ms)
			BackupInstance (0ms)
			ReleaseScriptingObjects (0ms)
			CreateAndSetChildDomain (39ms)
		EndReloadAssembly (1161ms)
			LoadAssemblies (110ms)
			RebuildTransferFunctionScriptingTraits (0ms)
			SetupTypeCache (495ms)
			ReleaseScriptCaches (2ms)
			RebuildScriptCaches (47ms)
			SetupLoadedEditorAssemblies (386ms)
				LogAssemblyErrors (0ms)
				InitializePlatformSupportModulesInManaged (5ms)
				SetLoadedEditorAssemblies (0ms)
				RefreshPlugins (1ms)
				BeforeProcessingInitializeOnLoad (118ms)
				ProcessInitializeOnLoadAttributes (251ms)
				ProcessInitializeOnLoadMethodAttributes (5ms)
				AfterProcessingInitializeOnLoad (6ms)
				EditorAssembliesLoaded (0ms)
			ExecutionOrderSort2 (0ms)
			AwakeInstancesAfterBackupRestoration (15ms)
Platform modules already initialized, skipping
Shader 'Universal Render Pipeline/Particles/Lit': fallback shader 'Universal Render Pipeline/Particles/SimpleLit' not found
Refreshing native plugins compatible for Editor in 0.68 ms, found 3 plugins.
Preloading 0 native plugins for Editor in 0.00 ms.
Unloading 3135 Unused Serialized files (Serialized files now loaded: 0)
System memory in use before: 142.4 MB.
System memory in use after: 142.6 MB.

Unloading 17 unused Assets to reduce memory usage. Loaded Objects now: 3742.
Total: 3.727900 ms (FindLiveObjects: 0.359500 ms CreateObjectMapping: 0.123600 ms MarkObjects: 3.225200 ms  DeleteObjects: 0.018600 ms)

AssetImportParameters requested are different than current active one (requested -> active):
  custom:framework-win-MediaFoundation: 216162199b28c13a410421893ffa2e32 -> 
  custom:video-decoder-ogg-theora: a1e56fd34408186e4bbccfd4996cb3dc -> 
  custom:container-muxer-webm: aa71ff27fc2769a1b78a27578f13a17b -> 
  custom:container-demuxer-webm: 4f35f7cbe854078d1ac9338744f61a02 -> 
  custom:container-demuxer-ogg: 62fdf1f143b41e24485cea50d1cbac27 -> 
  custom:video-encoder-webm-vp8: eb34c28f22e8b96e1ab97ce403110664 -> 
  custom:video-codec-MediaFoundation-h265: 746d11721c4dcdbdad8f713fa42b33f4 -> 
  custom:video-decoder-webm-vp8: 9c59270c3fd7afecdb556c50c9e8de78 -> 
  custom:audio-decoder-ogg-vorbis: bf7c407c2cedff20999df2af8eb42d56 -> 
  custom:audio-encoder-webm-vorbis: bf7c407c2cedff20999df2af8eb42d56 -> 
========================================================================
Received Prepare
Registering precompiled user dll's ...
Registered in 0.004731 seconds.
Begin MonoManager ReloadAssembly
Native extension for WindowsStandalone target not found
Native extension for WebGL target not found
Refreshing native plugins compatible for Editor in 0.73 ms, found 3 plugins.
Preloading 0 native plugins for Editor in 0.00 ms.
Mono: successfully reloaded assembly
- Completed reload, in  1.285 seconds
Domain Reload Profiling:
	ReloadAssembly (1285ms)
		BeginReloadAssembly (135ms)
			ExecutionOrderSort (0ms)
			DisableScriptedObjects (8ms)
			BackupInstance (0ms)
			ReleaseScriptingObjects (0ms)
			CreateAndSetChildDomain (44ms)
		EndReloadAssembly (1069ms)
			LoadAssemblies (111ms)
			RebuildTransferFunctionScriptingTraits (0ms)
			SetupTypeCache (333ms)
			ReleaseScriptCaches (2ms)
			RebuildScriptCaches (49ms)
			SetupLoadedEditorAssemblies (443ms)
				LogAssemblyErrors (0ms)
				InitializePlatformSupportModulesInManaged (5ms)
				SetLoadedEditorAssemblies (0ms)
				RefreshPlugins (1ms)
				BeforeProcessingInitializeOnLoad (101ms)
				ProcessInitializeOnLoadAttributes (322ms)
				ProcessInitializeOnLoadMethodAttributes (5ms)
				AfterProcessingInitializeOnLoad (7ms)
				EditorAssembliesLoaded (0ms)
			ExecutionOrderSort2 (0ms)
			AwakeInstancesAfterBackupRestoration (14ms)
Platform modules already initialized, skipping
Shader 'Universal Render Pipeline/Particles/Lit': fallback shader 'Universal Render Pipeline/Particles/SimpleLit' not found
Refreshing native plugins compatible for Editor in 0.67 ms, found 3 plugins.
Preloading 0 native plugins for Editor in 0.00 ms.
Unloading 3135 Unused Serialized files (Serialized files now loaded: 0)
System memory in use before: 142.4 MB.
System memory in use after: 142.6 MB.

Unloading 17 unused Assets to reduce memory usage. Loaded Objects now: 3745.
Total: 3.914500 ms (FindLiveObjects: 0.340200 ms CreateObjectMapping: 0.272800 ms MarkObjects: 3.265800 ms  DeleteObjects: 0.034600 ms)

AssetImportParameters requested are different than current active one (requested -> active):
  custom:framework-win-MediaFoundation: 216162199b28c13a410421893ffa2e32 -> 
  custom:video-decoder-ogg-theora: a1e56fd34408186e4bbccfd4996cb3dc -> 
  custom:container-muxer-webm: aa71ff27fc2769a1b78a27578f13a17b -> 
  custom:container-demuxer-webm: 4f35f7cbe854078d1ac9338744f61a02 -> 
  custom:container-demuxer-ogg: 62fdf1f143b41e24485cea50d1cbac27 -> 
  custom:video-encoder-webm-vp8: eb34c28f22e8b96e1ab97ce403110664 -> 
  custom:video-codec-MediaFoundation-h265: 746d11721c4dcdbdad8f713fa42b33f4 -> 
  custom:video-decoder-webm-vp8: 9c59270c3fd7afecdb556c50c9e8de78 -> 
  custom:audio-decoder-ogg-vorbis: bf7c407c2cedff20999df2af8eb42d56 -> 
  custom:audio-encoder-webm-vorbis: bf7c407c2cedff20999df2af8eb42d56 -> 
========================================================================
Received Prepare
Registering precompiled user dll's ...
Registered in 0.005333 seconds.
Begin MonoManager ReloadAssembly
Native extension for WindowsStandalone target not found
Native extension for WebGL target not found
Refreshing native plugins compatible for Editor in 0.69 ms, found 3 plugins.
Preloading 0 native plugins for Editor in 0.00 ms.
Mono: successfully reloaded assembly
- Completed reload, in  1.237 seconds
Domain Reload Profiling:
	ReloadAssembly (1238ms)
		BeginReloadAssembly (155ms)
			ExecutionOrderSort (0ms)
			DisableScriptedObjects (7ms)
			BackupInstance (0ms)
			ReleaseScriptingObjects (0ms)
			CreateAndSetChildDomain (54ms)
		EndReloadAssembly (1021ms)
			LoadAssemblies (110ms)
			RebuildTransferFunctionScriptingTraits (0ms)
			SetupTypeCache (352ms)
			ReleaseScriptCaches (2ms)
			RebuildScriptCaches (67ms)
			SetupLoadedEditorAssemblies (385ms)
				LogAssemblyErrors (0ms)
				InitializePlatformSupportModulesInManaged (6ms)
				SetLoadedEditorAssemblies (0ms)
				RefreshPlugins (1ms)
				BeforeProcessingInitializeOnLoad (98ms)
				ProcessInitializeOnLoadAttributes (267ms)
				ProcessInitializeOnLoadMethodAttributes (6ms)
				AfterProcessingInitializeOnLoad (7ms)
				EditorAssembliesLoaded (0ms)
			ExecutionOrderSort2 (0ms)
			AwakeInstancesAfterBackupRestoration (14ms)
Platform modules already initialized, skipping
Shader 'Universal Render Pipeline/Particles/Lit': fallback shader 'Universal Render Pipeline/Particles/SimpleLit' not found
Refreshing native plugins compatible for Editor in 0.66 ms, found 3 plugins.
Preloading 0 native plugins for Editor in 0.00 ms.
Unloading 3135 Unused Serialized files (Serialized files now loaded: 0)
System memory in use before: 142.4 MB.
System memory in use after: 142.6 MB.

Unloading 17 unused Assets to reduce memory usage. Loaded Objects now: 3748.
Total: 3.816100 ms (FindLiveObjects: 0.375900 ms CreateObjectMapping: 0.169500 ms MarkObjects: 3.238700 ms  DeleteObjects: 0.030700 ms)

AssetImportParameters requested are different than current active one (requested -> active):
  custom:framework-win-MediaFoundation: 216162199b28c13a410421893ffa2e32 -> 
  custom:video-decoder-ogg-theora: a1e56fd34408186e4bbccfd4996cb3dc -> 
  custom:container-muxer-webm: aa71ff27fc2769a1b78a27578f13a17b -> 
  custom:container-demuxer-webm: 4f35f7cbe854078d1ac9338744f61a02 -> 
  custom:container-demuxer-ogg: 62fdf1f143b41e24485cea50d1cbac27 -> 
  custom:video-encoder-webm-vp8: eb34c28f22e8b96e1ab97ce403110664 -> 
  custom:video-codec-MediaFoundation-h265: 746d11721c4dcdbdad8f713fa42b33f4 -> 
  custom:video-decoder-webm-vp8: 9c59270c3fd7afecdb556c50c9e8de78 -> 
  custom:audio-decoder-ogg-vorbis: bf7c407c2cedff20999df2af8eb42d56 -> 
  custom:audio-encoder-webm-vorbis: bf7c407c2cedff20999df2af8eb42d56 -> 
AssetImportWorkerClient::OnTransportError - code=2 error=End of file
